🔍 正在检查 deploy.sh 执行权限...
✅ deploy.sh 已经有执行权限 (100755)
🧹 删除 .DS_Store 文件...
🔄 正在同步远程仓库...
❌ rebase 失败，尝试跳过或放弃...
📦 添加改动...
📝 提交成功：内容更新：2025-08-18 17:41:50
🚀 推送到 GitHub...
✅ 推送成功，Cloudflare Pages 将自动部署
----------------------------------------
部署完成时间：2025-08-18 17:41:52

🔍 正在检查 deploy.sh 执行权限...
✅ deploy.sh 已经有执行权限 (100755)
🧹 删除 .DS_Store 文件...
🔄 正在同步远程仓库...
❌ rebase 失败，尝试跳过或放弃...
📦 添加改动...
📝 提交成功：内容更新：2025-08-18 18:26:10
🚀 推送到 GitHub...
✅ 推送成功，Cloudflare Pages 将自动部署
----------------------------------------
部署完成时间：2025-08-18 18:26:13

🧹 删除 .DS_Store 文件...
📦 本地有未暂存修改，自动 stash...
⚠️ 恢复时有冲突，请手动解决
📦 添加改动...
📝 提交成功：内容更新：2025-08-18 18:46:08
🚀 推送到 GitHub...
✅ 推送成功，Cloudflare Pages 将自动部署
----------------------------------------
部署完成时间：2025-08-18 18:46:10

🧹 删除 .DS_Store 文件...
🧹 删除 .DS_Store 文件...
🧹 删除 .DS_Store 文件...
📦 本地有修改，自动 stash 所有修改（排除 deploy.log）...
🔄 同步远程仓库...
❌ 同步失败，如果有冲突请手动解决
📂 恢复本地修改...
📦 添加改动...
🔄 同步远程仓库...
❌ 同步失败，如果有冲突请手动解决
📂 恢复本地修改...
📦 添加改动...
📝 提交成功：内容更新：2025-08-19 02:12:59
🚀 推送到 GitHub...
✅ 推送成功，Cloudflare Pages 将自动部署
----------------------------------------
部署完成时间：2025-08-19 02:13:01

